\BOOKMARK [0][-]{chapter*.1}{Abstract}{}% 1
\BOOKMARK [0][-]{chapter*.2}{Resum\351}{}% 2
\BOOKMARK [0][-]{section*.3}{Indhold}{}% 3
\BOOKMARK [0][-]{chapter*.4}{Arbejdsopgaver}{}% 4
\BOOKMARK [0][-]{chapter.1}{Indledning}{}% 5
\BOOKMARK [1][-]{subsection.1.0.1}{L\346sevejledning}{chapter.1}% 6
\BOOKMARK [0][-]{chapter.2}{Projektformulering og systembeskrivelse}{}% 7
\BOOKMARK [0][-]{chapter.3}{Kravspecifikation}{}% 8
\BOOKMARK [0][-]{chapter.4}{Projektbeskrivelse}{}% 9
\BOOKMARK [1][-]{section.4.1}{Hardware Design og Implementering}{chapter.4}% 10
\BOOKMARK [1][-]{section.4.2}{Software Design og Implementering}{chapter.4}% 11
\BOOKMARK [1][-]{section.4.3}{Projektafgr\346nsning}{chapter.4}% 12
\BOOKMARK [0][-]{chapter.5}{Udviklingsprocess}{}% 13
\BOOKMARK [1][-]{section.5.1}{Udviklingsmodeller}{chapter.5}% 14
\BOOKMARK [2][-]{subsection.5.1.1}{V-Model og ASE-Model}{section.5.1}% 15
\BOOKMARK [2][-]{subsection.5.1.2}{SysML}{section.5.1}% 16
\BOOKMARK [2][-]{subsection.5.1.3}{Versionsstyring}{section.5.1}% 17
\BOOKMARK [1][-]{section.5.2}{Projektstyring}{chapter.5}% 18
\BOOKMARK [1][-]{section.5.3}{Udviklingsv\346rkt\370jer}{chapter.5}% 19
\BOOKMARK [0][-]{chapter.6}{Produktion}{}% 20
\BOOKMARK [1][-]{section.6.1}{Produktionsovervejelser}{chapter.6}% 21
\BOOKMARK [1][-]{section.6.2}{Markedsunders\370ger}{chapter.6}% 22
\BOOKMARK [1][-]{section.6.3}{EMC og Godkendelser}{chapter.6}% 23
\BOOKMARK [0][-]{chapter.7}{Resultater og Diskussion}{}% 24
\BOOKMARK [0][-]{chapter.8}{Fremtidigt Arbejde}{}% 25
\BOOKMARK [0][-]{chapter.9}{Erfaringer}{}% 26
\BOOKMARK [0][-]{chapter.10}{Konklusion}{}% 27
\BOOKMARK [0][-]{section*.15}{Litteraturliste}{}% 28
